[2023-04-08 00:16:17,032] [autoreload.py:668] [autoreload:run_with_reloader] [INFO]- Watching for file changes with StatReloader
[2023-04-08 00:16:18,093] [autoreload.py:266] [autoreload:trigger_reload] [INFO]- /root/project/wx/test/wxcloudrun/views.py changed, reloading.
[2023-04-08 00:16:18,366] [autoreload.py:668] [autoreload:run_with_reloader] [INFO]- Watching for file changes with StatReloader
[2023-04-08 00:16:27,663] [basehttp.py:212] [basehttp:log_message] [INFO]- "POST / HTTP/1.1" 200 220
[2023-04-08 00:32:28,393] [autoreload.py:266] [autoreload:trigger_reload] [INFO]- /root/project/wx/test/wxcloudrun/views.py changed, reloading.
[2023-04-08 00:32:28,663] [autoreload.py:668] [autoreload:run_with_reloader] [INFO]- Watching for file changes with StatReloader
[2023-04-08 00:32:30,723] [autoreload.py:266] [autoreload:trigger_reload] [INFO]- /root/project/wx/test/wxcloudrun/views.py changed, reloading.
[2023-04-08 00:32:30,985] [autoreload.py:668] [autoreload:run_with_reloader] [INFO]- Watching for file changes with StatReloader
[2023-04-08 00:32:35,052] [autoreload.py:266] [autoreload:trigger_reload] [INFO]- /root/project/wx/test/wxcloudrun/views.py changed, reloading.
[2023-04-08 00:32:35,322] [autoreload.py:668] [autoreload:run_with_reloader] [INFO]- Watching for file changes with StatReloader
[2023-04-08 00:32:50,609] [autoreload.py:266] [autoreload:trigger_reload] [INFO]- /root/project/wx/test/wxcloudrun/views.py changed, reloading.
[2023-04-08 00:32:50,921] [autoreload.py:668] [autoreload:run_with_reloader] [INFO]- Watching for file changes with StatReloader
[2023-04-08 00:32:58,161] [autoreload.py:266] [autoreload:trigger_reload] [INFO]- /root/project/wx/test/wxcloudrun/views.py changed, reloading.
[2023-04-08 00:32:58,448] [autoreload.py:668] [autoreload:run_with_reloader] [INFO]- Watching for file changes with StatReloader
[2023-04-08 00:33:04,704] [log.py:241] [log:log_response] [ERROR]- Internal Server Error: /
Traceback (most recent call last):
  File "/usr/local/python3/lib/python3.8/site-packages/django/core/handlers/exception.py", line 55, in inner
    response = get_response(request)
  File "/usr/local/python3/lib/python3.8/site-packages/django/core/handlers/base.py", line 197, in _get_response
    response = wrapped_callback(request, *callback_args, **callback_kwargs)
  File "/root/project/wx/test/wxcloudrun/views.py", line 55, in wxapi
    logger.info(msg.text)
AttributeError: 'ViewEvent' object has no attribute 'text'
[2023-04-08 00:33:04,706] [basehttp.py:212] [basehttp:log_message] [ERROR]- "POST / HTTP/1.1" 500 61264
[2023-04-08 00:33:40,003] [autoreload.py:266] [autoreload:trigger_reload] [INFO]- /root/project/wx/test/wxcloudrun/views.py changed, reloading.
[2023-04-08 00:33:40,286] [autoreload.py:668] [autoreload:run_with_reloader] [INFO]- Watching for file changes with StatReloader
[2023-04-08 00:33:45,507] [autoreload.py:266] [autoreload:trigger_reload] [INFO]- /root/project/wx/test/wxcloudrun/views.py changed, reloading.
[2023-04-08 00:33:45,789] [autoreload.py:668] [autoreload:run_with_reloader] [INFO]- Watching for file changes with StatReloader
[2023-04-08 00:33:48,854] [autoreload.py:266] [autoreload:trigger_reload] [INFO]- /root/project/wx/test/wxcloudrun/views.py changed, reloading.
[2023-04-08 00:33:49,127] [autoreload.py:668] [autoreload:run_with_reloader] [INFO]- Watching for file changes with StatReloader
[2023-04-08 00:33:52,343] [autoreload.py:266] [autoreload:trigger_reload] [INFO]- /root/project/wx/test/wxcloudrun/views.py changed, reloading.
[2023-04-08 00:33:52,622] [autoreload.py:668] [autoreload:run_with_reloader] [INFO]- Watching for file changes with StatReloader
[2023-04-08 00:33:54,827] [autoreload.py:266] [autoreload:trigger_reload] [INFO]- /root/project/wx/test/wxcloudrun/views.py changed, reloading.
[2023-04-08 00:33:55,096] [autoreload.py:668] [autoreload:run_with_reloader] [INFO]- Watching for file changes with StatReloader
[2023-04-08 00:34:00,315] [autoreload.py:266] [autoreload:trigger_reload] [INFO]- /root/project/wx/test/wxcloudrun/views.py changed, reloading.
[2023-04-08 00:34:00,605] [autoreload.py:668] [autoreload:run_with_reloader] [INFO]- Watching for file changes with StatReloader
[2023-04-08 00:34:04,824] [log.py:241] [log:log_response] [ERROR]- Internal Server Error: /
Traceback (most recent call last):
  File "/usr/local/python3/lib/python3.8/site-packages/django/core/handlers/exception.py", line 55, in inner
    response = get_response(request)
  File "/usr/local/python3/lib/python3.8/site-packages/django/core/handlers/base.py", line 197, in _get_response
    response = wrapped_callback(request, *callback_args, **callback_kwargs)
  File "/root/project/wx/test/wxcloudrun/views.py", line 56, in wxapi
    for i in msg:
TypeError: 'ViewEvent' object is not iterable
[2023-04-08 00:34:04,829] [basehttp.py:212] [basehttp:log_message] [ERROR]- "POST / HTTP/1.1" 500 61158
[2023-04-08 00:36:14,660] [autoreload.py:266] [autoreload:trigger_reload] [INFO]- /root/project/wx/test/wxcloudrun/views.py changed, reloading.
[2023-04-08 00:36:14,944] [autoreload.py:668] [autoreload:run_with_reloader] [INFO]- Watching for file changes with StatReloader
[2023-04-08 00:36:18,151] [autoreload.py:266] [autoreload:trigger_reload] [INFO]- /root/project/wx/test/wxcloudrun/views.py changed, reloading.
[2023-04-08 00:36:18,437] [autoreload.py:668] [autoreload:run_with_reloader] [INFO]- Watching for file changes with StatReloader
[2023-04-08 00:36:19,632] [autoreload.py:266] [autoreload:trigger_reload] [INFO]- /root/project/wx/test/wxcloudrun/views.py changed, reloading.
[2023-04-08 00:36:19,919] [autoreload.py:668] [autoreload:run_with_reloader] [INFO]- Watching for file changes with StatReloader
[2023-04-08 00:36:23,128] [autoreload.py:266] [autoreload:trigger_reload] [INFO]- /root/project/wx/test/wxcloudrun/views.py changed, reloading.
[2023-04-08 00:36:23,396] [autoreload.py:668] [autoreload:run_with_reloader] [INFO]- Watching for file changes with StatReloader
[2023-04-08 00:36:38,513] [autoreload.py:266] [autoreload:trigger_reload] [INFO]- /root/project/wx/test/wxcloudrun/views.py changed, reloading.
[2023-04-08 00:36:38,802] [autoreload.py:668] [autoreload:run_with_reloader] [INFO]- Watching for file changes with StatReloader
[2023-04-08 00:36:41,008] [autoreload.py:266] [autoreload:trigger_reload] [INFO]- /root/project/wx/test/wxcloudrun/views.py changed, reloading.
[2023-04-08 00:36:41,288] [autoreload.py:668] [autoreload:run_with_reloader] [INFO]- Watching for file changes with StatReloader
[2023-04-08 00:36:42,482] [autoreload.py:266] [autoreload:trigger_reload] [INFO]- /root/project/wx/test/wxcloudrun/views.py changed, reloading.
[2023-04-08 00:36:42,748] [autoreload.py:668] [autoreload:run_with_reloader] [INFO]- Watching for file changes with StatReloader
[2023-04-08 00:36:47,818] [autoreload.py:266] [autoreload:trigger_reload] [INFO]- /root/project/wx/test/wxcloudrun/views.py changed, reloading.
[2023-04-08 00:36:48,084] [autoreload.py:668] [autoreload:run_with_reloader] [INFO]- Watching for file changes with StatReloader
[2023-04-08 00:36:50,288] [autoreload.py:266] [autoreload:trigger_reload] [INFO]- /root/project/wx/test/wxcloudrun/views.py changed, reloading.
[2023-04-08 00:36:50,573] [autoreload.py:668] [autoreload:run_with_reloader] [INFO]- Watching for file changes with StatReloader
[2023-04-08 00:36:52,779] [autoreload.py:266] [autoreload:trigger_reload] [INFO]- /root/project/wx/test/wxcloudrun/views.py changed, reloading.
[2023-04-08 00:36:53,052] [autoreload.py:668] [autoreload:run_with_reloader] [INFO]- Watching for file changes with StatReloader
[2023-04-08 00:36:54,108] [autoreload.py:266] [autoreload:trigger_reload] [INFO]- /root/project/wx/test/wxcloudrun/views.py changed, reloading.
[2023-04-08 00:36:54,388] [autoreload.py:668] [autoreload:run_with_reloader] [INFO]- Watching for file changes with StatReloader
[2023-04-08 00:37:07,669] [autoreload.py:266] [autoreload:trigger_reload] [INFO]- /root/project/wx/test/wxcloudrun/views.py changed, reloading.
[2023-04-08 00:37:07,967] [autoreload.py:668] [autoreload:run_with_reloader] [INFO]- Watching for file changes with StatReloader
[2023-04-08 00:37:11,032] [autoreload.py:266] [autoreload:trigger_reload] [INFO]- /root/project/wx/test/wxcloudrun/views.py changed, reloading.
[2023-04-08 00:37:11,302] [autoreload.py:668] [autoreload:run_with_reloader] [INFO]- Watching for file changes with StatReloader
[2023-04-08 00:37:14,399] [basehttp.py:212] [basehttp:log_message] [INFO]- "POST / HTTP/1.1" 200 220
[2023-04-08 00:37:32,665] [autoreload.py:266] [autoreload:trigger_reload] [INFO]- /root/project/wx/test/wxcloudrun/views.py changed, reloading.
[2023-04-08 00:37:32,966] [autoreload.py:668] [autoreload:run_with_reloader] [INFO]- Watching for file changes with StatReloader
[2023-04-08 00:37:35,174] [autoreload.py:266] [autoreload:trigger_reload] [INFO]- /root/project/wx/test/wxcloudrun/views.py changed, reloading.
[2023-04-08 00:37:35,465] [autoreload.py:668] [autoreload:run_with_reloader] [INFO]- Watching for file changes with StatReloader
[2023-04-08 00:37:36,519] [basehttp.py:212] [basehttp:log_message] [INFO]- "POST / HTTP/1.1" 200 220
[2023-04-08 00:40:26,656] [autoreload.py:266] [autoreload:trigger_reload] [INFO]- /root/project/wx/test/wxcloudrun/views.py changed, reloading.
[2023-04-08 00:40:26,934] [autoreload.py:668] [autoreload:run_with_reloader] [INFO]- Watching for file changes with StatReloader
[2023-04-08 00:40:31,156] [autoreload.py:266] [autoreload:trigger_reload] [INFO]- /root/project/wx/test/wxcloudrun/views.py changed, reloading.
[2023-04-08 00:40:31,430] [autoreload.py:668] [autoreload:run_with_reloader] [INFO]- Watching for file changes with StatReloader
[2023-04-08 00:40:34,492] [autoreload.py:266] [autoreload:trigger_reload] [INFO]- /root/project/wx/test/wxcloudrun/views.py changed, reloading.
[2023-04-08 00:40:34,751] [autoreload.py:668] [autoreload:run_with_reloader] [INFO]- Watching for file changes with StatReloader
[2023-04-08 00:40:45,849] [autoreload.py:266] [autoreload:trigger_reload] [INFO]- /root/project/wx/test/wxcloudrun/views.py changed, reloading.
[2023-04-08 00:40:46,100] [autoreload.py:668] [autoreload:run_with_reloader] [INFO]- Watching for file changes with StatReloader
[2023-04-08 00:40:49,165] [autoreload.py:266] [autoreload:trigger_reload] [INFO]- /root/project/wx/test/wxcloudrun/views.py changed, reloading.
[2023-04-08 00:40:49,425] [autoreload.py:668] [autoreload:run_with_reloader] [INFO]- Watching for file changes with StatReloader
[2023-04-08 00:40:50,481] [autoreload.py:266] [autoreload:trigger_reload] [INFO]- /root/project/wx/test/wxcloudrun/views.py changed, reloading.
[2023-04-08 00:40:50,740] [autoreload.py:668] [autoreload:run_with_reloader] [INFO]- Watching for file changes with StatReloader
[2023-04-08 00:40:53,805] [autoreload.py:266] [autoreload:trigger_reload] [INFO]- /root/project/wx/test/wxcloudrun/views.py changed, reloading.
[2023-04-08 00:40:54,069] [autoreload.py:668] [autoreload:run_with_reloader] [INFO]- Watching for file changes with StatReloader
[2023-04-08 00:40:56,128] [autoreload.py:266] [autoreload:trigger_reload] [INFO]- /root/project/wx/test/wxcloudrun/views.py changed, reloading.
[2023-04-08 00:40:56,379] [autoreload.py:668] [autoreload:run_with_reloader] [INFO]- Watching for file changes with StatReloader
[2023-04-08 00:41:06,471] [autoreload.py:266] [autoreload:trigger_reload] [INFO]- /root/project/wx/test/wxcloudrun/views.py changed, reloading.
[2023-04-08 00:41:06,726] [autoreload.py:668] [autoreload:run_with_reloader] [INFO]- Watching for file changes with StatReloader
[2023-04-08 00:42:05,093] [autoreload.py:266] [autoreload:trigger_reload] [INFO]- /root/project/wx/test/wxcloudrun/views.py changed, reloading.
[2023-04-08 00:42:05,352] [autoreload.py:668] [autoreload:run_with_reloader] [INFO]- Watching for file changes with StatReloader
[2023-04-08 00:42:08,417] [autoreload.py:266] [autoreload:trigger_reload] [INFO]- /root/project/wx/test/wxcloudrun/views.py changed, reloading.
[2023-04-08 00:42:08,676] [autoreload.py:668] [autoreload:run_with_reloader] [INFO]- Watching for file changes with StatReloader
[2023-04-08 00:42:09,733] [autoreload.py:266] [autoreload:trigger_reload] [INFO]- /root/project/wx/test/wxcloudrun/views.py changed, reloading.
[2023-04-08 00:42:09,988] [autoreload.py:668] [autoreload:run_with_reloader] [INFO]- Watching for file changes with StatReloader
[2023-04-08 00:42:30,121] [autoreload.py:266] [autoreload:trigger_reload] [INFO]- /root/project/wx/test/wxcloudrun/views.py changed, reloading.
[2023-04-08 00:42:30,381] [autoreload.py:668] [autoreload:run_with_reloader] [INFO]- Watching for file changes with StatReloader
[2023-04-08 00:42:31,437] [autoreload.py:266] [autoreload:trigger_reload] [INFO]- /root/project/wx/test/wxcloudrun/views.py changed, reloading.
[2023-04-08 00:42:31,710] [autoreload.py:668] [autoreload:run_with_reloader] [INFO]- Watching for file changes with StatReloader
[2023-04-08 00:42:33,782] [autoreload.py:266] [autoreload:trigger_reload] [INFO]- /root/project/wx/test/wxcloudrun/views.py changed, reloading.
[2023-04-08 00:42:34,043] [autoreload.py:668] [autoreload:run_with_reloader] [INFO]- Watching for file changes with StatReloader
[2023-04-08 00:42:38,113] [autoreload.py:266] [autoreload:trigger_reload] [INFO]- /root/project/wx/test/wxcloudrun/views.py changed, reloading.
[2023-04-08 00:42:38,396] [autoreload.py:668] [autoreload:run_with_reloader] [INFO]- Watching for file changes with StatReloader
[2023-04-08 00:42:40,465] [autoreload.py:266] [autoreload:trigger_reload] [INFO]- /root/project/wx/test/wxcloudrun/views.py changed, reloading.
[2023-04-08 00:42:40,718] [autoreload.py:668] [autoreload:run_with_reloader] [INFO]- Watching for file changes with StatReloader
[2023-04-08 00:42:46,792] [autoreload.py:266] [autoreload:trigger_reload] [INFO]- /root/project/wx/test/wxcloudrun/views.py changed, reloading.
[2023-04-08 00:42:47,049] [autoreload.py:668] [autoreload:run_with_reloader] [INFO]- Watching for file changes with StatReloader
[2023-04-08 00:42:56,136] [autoreload.py:266] [autoreload:trigger_reload] [INFO]- /root/project/wx/test/wxcloudrun/views.py changed, reloading.
[2023-04-08 00:42:56,398] [autoreload.py:668] [autoreload:run_with_reloader] [INFO]- Watching for file changes with StatReloader
[2023-04-08 00:43:00,467] [autoreload.py:266] [autoreload:trigger_reload] [INFO]- /root/project/wx/test/wxcloudrun/views.py changed, reloading.
[2023-04-08 00:43:00,716] [autoreload.py:668] [autoreload:run_with_reloader] [INFO]- Watching for file changes with StatReloader
[2023-04-08 00:43:03,780] [autoreload.py:266] [autoreload:trigger_reload] [INFO]- /root/project/wx/test/wxcloudrun/views.py changed, reloading.
[2023-04-08 00:43:04,035] [autoreload.py:668] [autoreload:run_with_reloader] [INFO]- Watching for file changes with StatReloader
[2023-04-08 00:43:07,101] [autoreload.py:266] [autoreload:trigger_reload] [INFO]- /root/project/wx/test/wxcloudrun/views.py changed, reloading.
[2023-04-08 00:43:07,379] [autoreload.py:668] [autoreload:run_with_reloader] [INFO]- Watching for file changes with StatReloader
[2023-04-08 00:43:09,440] [autoreload.py:266] [autoreload:trigger_reload] [INFO]- /root/project/wx/test/wxcloudrun/views.py changed, reloading.
[2023-04-08 00:43:09,691] [autoreload.py:668] [autoreload:run_with_reloader] [INFO]- Watching for file changes with StatReloader
[2023-04-08 00:43:19,786] [autoreload.py:266] [autoreload:trigger_reload] [INFO]- /root/project/wx/test/wxcloudrun/views.py changed, reloading.
[2023-04-08 00:43:20,060] [autoreload.py:668] [autoreload:run_with_reloader] [INFO]- Watching for file changes with StatReloader
[2023-04-08 00:43:21,117] [autoreload.py:266] [autoreload:trigger_reload] [INFO]- /root/project/wx/test/wxcloudrun/views.py changed, reloading.
[2023-04-08 00:43:21,374] [autoreload.py:668] [autoreload:run_with_reloader] [INFO]- Watching for file changes with StatReloader
[2023-04-08 00:43:23,430] [autoreload.py:266] [autoreload:trigger_reload] [INFO]- /root/project/wx/test/wxcloudrun/views.py changed, reloading.
[2023-04-08 00:43:23,683] [autoreload.py:668] [autoreload:run_with_reloader] [INFO]- Watching for file changes with StatReloader
[2023-04-08 00:43:56,879] [autoreload.py:266] [autoreload:trigger_reload] [INFO]- /root/project/wx/test/wxcloudrun/views.py changed, reloading.
[2023-04-08 00:43:57,158] [autoreload.py:668] [autoreload:run_with_reloader] [INFO]- Watching for file changes with StatReloader
[2023-04-08 00:44:02,233] [autoreload.py:266] [autoreload:trigger_reload] [INFO]- /root/project/wx/test/wxcloudrun/views.py changed, reloading.
[2023-04-08 00:44:02,505] [autoreload.py:668] [autoreload:run_with_reloader] [INFO]- Watching for file changes with StatReloader
[2023-04-08 00:44:23,647] [autoreload.py:266] [autoreload:trigger_reload] [INFO]- /root/project/wx/test/wxcloudrun/views.py changed, reloading.
[2023-04-08 00:44:23,910] [autoreload.py:668] [autoreload:run_with_reloader] [INFO]- Watching for file changes with StatReloader
[2023-04-08 00:44:25,045] [autoreload.py:266] [autoreload:trigger_reload] [INFO]- /root/project/wx/test/wxcloudrun/views.py changed, reloading.
[2023-04-08 00:44:25,310] [autoreload.py:668] [autoreload:run_with_reloader] [INFO]- Watching for file changes with StatReloader
[2023-04-08 00:44:27,451] [autoreload.py:266] [autoreload:trigger_reload] [INFO]- /root/project/wx/test/wxcloudrun/views.py changed, reloading.
[2023-04-08 00:44:27,736] [autoreload.py:668] [autoreload:run_with_reloader] [INFO]- Watching for file changes with StatReloader
[2023-04-08 00:44:31,884] [autoreload.py:266] [autoreload:trigger_reload] [INFO]- /root/project/wx/test/wxcloudrun/views.py changed, reloading.
[2023-04-08 00:44:32,146] [autoreload.py:668] [autoreload:run_with_reloader] [INFO]- Watching for file changes with StatReloader
[2023-04-08 00:44:39,312] [autoreload.py:266] [autoreload:trigger_reload] [INFO]- /root/project/wx/test/wxcloudrun/views.py changed, reloading.
[2023-04-08 00:44:39,581] [autoreload.py:668] [autoreload:run_with_reloader] [INFO]- Watching for file changes with StatReloader
[2023-04-08 00:44:53,783] [autoreload.py:266] [autoreload:trigger_reload] [INFO]- /root/project/wx/test/wxcloudrun/views.py changed, reloading.
[2023-04-08 00:44:54,058] [autoreload.py:668] [autoreload:run_with_reloader] [INFO]- Watching for file changes with StatReloader
[2023-04-08 00:45:07,249] [autoreload.py:266] [autoreload:trigger_reload] [INFO]- /root/project/wx/test/wxcloudrun/views.py changed, reloading.
[2023-04-08 00:45:07,514] [autoreload.py:668] [autoreload:run_with_reloader] [INFO]- Watching for file changes with StatReloader
[2023-04-08 00:46:06,933] [autoreload.py:266] [autoreload:trigger_reload] [INFO]- /root/project/wx/test/wxcloudrun/views.py changed, reloading.
[2023-04-08 00:46:07,200] [autoreload.py:668] [autoreload:run_with_reloader] [INFO]- Watching for file changes with StatReloader
[2023-04-08 00:46:10,342] [autoreload.py:266] [autoreload:trigger_reload] [INFO]- /root/project/wx/test/wxcloudrun/views.py changed, reloading.
[2023-04-08 00:46:10,610] [autoreload.py:668] [autoreload:run_with_reloader] [INFO]- Watching for file changes with StatReloader
[2023-04-08 00:46:14,676] [autoreload.py:266] [autoreload:trigger_reload] [INFO]- /root/project/wx/test/wxcloudrun/views.py changed, reloading.
[2023-04-08 00:46:14,931] [autoreload.py:668] [autoreload:run_with_reloader] [INFO]- Watching for file changes with StatReloader
[2023-04-08 00:46:17,998] [autoreload.py:266] [autoreload:trigger_reload] [INFO]- /root/project/wx/test/wxcloudrun/views.py changed, reloading.
[2023-04-08 00:46:18,273] [autoreload.py:668] [autoreload:run_with_reloader] [INFO]- Watching for file changes with StatReloader
[2023-04-08 00:46:20,332] [autoreload.py:266] [autoreload:trigger_reload] [INFO]- /root/project/wx/test/wxcloudrun/views.py changed, reloading.
[2023-04-08 00:46:20,587] [autoreload.py:668] [autoreload:run_with_reloader] [INFO]- Watching for file changes with StatReloader
[2023-04-08 00:46:23,728] [autoreload.py:266] [autoreload:trigger_reload] [INFO]- /root/project/wx/test/wxcloudrun/views.py changed, reloading.
[2023-04-08 00:46:23,991] [autoreload.py:668] [autoreload:run_with_reloader] [INFO]- Watching for file changes with StatReloader
[2023-04-08 00:46:31,153] [autoreload.py:266] [autoreload:trigger_reload] [INFO]- /root/project/wx/test/wxcloudrun/views.py changed, reloading.
[2023-04-08 00:46:31,422] [autoreload.py:668] [autoreload:run_with_reloader] [INFO]- Watching for file changes with StatReloader
[2023-04-08 00:46:37,581] [autoreload.py:266] [autoreload:trigger_reload] [INFO]- /root/project/wx/test/wxcloudrun/views.py changed, reloading.
[2023-04-08 00:46:37,843] [autoreload.py:668] [autoreload:run_with_reloader] [INFO]- Watching for file changes with StatReloader
[2023-04-08 00:46:40,987] [autoreload.py:266] [autoreload:trigger_reload] [INFO]- /root/project/wx/test/wxcloudrun/views.py changed, reloading.
[2023-04-08 00:46:41,264] [autoreload.py:668] [autoreload:run_with_reloader] [INFO]- Watching for file changes with StatReloader
[2023-04-08 00:46:48,430] [autoreload.py:266] [autoreload:trigger_reload] [INFO]- /root/project/wx/test/wxcloudrun/views.py changed, reloading.
[2023-04-08 00:46:48,696] [autoreload.py:668] [autoreload:run_with_reloader] [INFO]- Watching for file changes with StatReloader
[2023-04-08 00:46:49,829] [autoreload.py:266] [autoreload:trigger_reload] [INFO]- /root/project/wx/test/wxcloudrun/views.py changed, reloading.
[2023-04-08 00:46:50,104] [autoreload.py:668] [autoreload:run_with_reloader] [INFO]- Watching for file changes with StatReloader
[2023-04-08 00:46:51,240] [autoreload.py:266] [autoreload:trigger_reload] [INFO]- /root/project/wx/test/wxcloudrun/views.py changed, reloading.
[2023-04-08 00:46:51,502] [autoreload.py:668] [autoreload:run_with_reloader] [INFO]- Watching for file changes with StatReloader
[2023-04-08 00:46:58,663] [autoreload.py:266] [autoreload:trigger_reload] [INFO]- /root/project/wx/test/wxcloudrun/views.py changed, reloading.
[2023-04-08 00:46:58,932] [autoreload.py:668] [autoreload:run_with_reloader] [INFO]- Watching for file changes with StatReloader
[2023-04-08 00:47:01,071] [autoreload.py:266] [autoreload:trigger_reload] [INFO]- /root/project/wx/test/wxcloudrun/views.py changed, reloading.
[2023-04-08 00:47:01,337] [autoreload.py:668] [autoreload:run_with_reloader] [INFO]- Watching for file changes with StatReloader
[2023-04-08 00:47:02,470] [autoreload.py:266] [autoreload:trigger_reload] [INFO]- /root/project/wx/test/wxcloudrun/views.py changed, reloading.
[2023-04-08 00:47:02,736] [autoreload.py:668] [autoreload:run_with_reloader] [INFO]- Watching for file changes with StatReloader
[2023-04-08 00:47:11,910] [autoreload.py:266] [autoreload:trigger_reload] [INFO]- /root/project/wx/test/wxcloudrun/views.py changed, reloading.
[2023-04-08 00:47:12,180] [autoreload.py:668] [autoreload:run_with_reloader] [INFO]- Watching for file changes with StatReloader
[2023-04-08 00:47:16,331] [autoreload.py:266] [autoreload:trigger_reload] [INFO]- /root/project/wx/test/wxcloudrun/views.py changed, reloading.
[2023-04-08 00:47:16,601] [autoreload.py:668] [autoreload:run_with_reloader] [INFO]- Watching for file changes with StatReloader
[2023-04-08 00:47:18,742] [autoreload.py:266] [autoreload:trigger_reload] [INFO]- /root/project/wx/test/wxcloudrun/views.py changed, reloading.
[2023-04-08 00:47:19,019] [autoreload.py:668] [autoreload:run_with_reloader] [INFO]- Watching for file changes with StatReloader
[2023-04-08 00:48:58,613] [autoreload.py:266] [autoreload:trigger_reload] [INFO]- /root/project/wx/test/wxcloudrun/views.py changed, reloading.
[2023-04-08 00:48:58,892] [autoreload.py:668] [autoreload:run_with_reloader] [INFO]- Watching for file changes with StatReloader
[2023-04-08 00:49:05,052] [autoreload.py:266] [autoreload:trigger_reload] [INFO]- /root/project/wx/test/wxcloudrun/views.py changed, reloading.
[2023-04-08 00:49:05,322] [autoreload.py:668] [autoreload:run_with_reloader] [INFO]- Watching for file changes with StatReloader
[2023-04-08 00:49:08,386] [autoreload.py:266] [autoreload:trigger_reload] [INFO]- /root/project/wx/test/wxcloudrun/views.py changed, reloading.
[2023-04-08 00:49:08,646] [autoreload.py:668] [autoreload:run_with_reloader] [INFO]- Watching for file changes with StatReloader
[2023-04-08 00:49:09,778] [autoreload.py:266] [autoreload:trigger_reload] [INFO]- /root/project/wx/test/wxcloudrun/views.py changed, reloading.
[2023-04-08 00:49:10,069] [autoreload.py:668] [autoreload:run_with_reloader] [INFO]- Watching for file changes with StatReloader
[2023-04-08 00:49:14,220] [autoreload.py:266] [autoreload:trigger_reload] [INFO]- /root/project/wx/test/wxcloudrun/views.py changed, reloading.
[2023-04-08 00:49:14,492] [autoreload.py:668] [autoreload:run_with_reloader] [INFO]- Watching for file changes with StatReloader
[2023-04-08 00:50:57,111] [autoreload.py:266] [autoreload:trigger_reload] [INFO]- /root/project/wx/test/wxcloudrun/views.py changed, reloading.
[2023-04-08 00:50:57,376] [autoreload.py:668] [autoreload:run_with_reloader] [INFO]- Watching for file changes with StatReloader
[2023-04-08 00:51:07,555] [autoreload.py:266] [autoreload:trigger_reload] [INFO]- /root/project/wx/test/wxcloudrun/views.py changed, reloading.
[2023-04-08 00:51:07,828] [autoreload.py:668] [autoreload:run_with_reloader] [INFO]- Watching for file changes with StatReloader
[2023-04-08 00:51:21,020] [autoreload.py:266] [autoreload:trigger_reload] [INFO]- /root/project/wx/test/wxcloudrun/views.py changed, reloading.
[2023-04-08 00:51:21,305] [autoreload.py:668] [autoreload:run_with_reloader] [INFO]- Watching for file changes with StatReloader
[2023-04-08 00:51:22,437] [autoreload.py:266] [autoreload:trigger_reload] [INFO]- /root/project/wx/test/wxcloudrun/views.py changed, reloading.
[2023-04-08 00:51:22,712] [autoreload.py:668] [autoreload:run_with_reloader] [INFO]- Watching for file changes with StatReloader
[2023-04-08 00:51:23,768] [autoreload.py:266] [autoreload:trigger_reload] [INFO]- /root/project/wx/test/wxcloudrun/views.py changed, reloading.
[2023-04-08 00:51:24,028] [autoreload.py:668] [autoreload:run_with_reloader] [INFO]- Watching for file changes with StatReloader
[2023-04-08 00:51:30,185] [autoreload.py:266] [autoreload:trigger_reload] [INFO]- /root/project/wx/test/wxcloudrun/views.py changed, reloading.
[2023-04-08 00:51:30,460] [autoreload.py:668] [autoreload:run_with_reloader] [INFO]- Watching for file changes with StatReloader
[2023-04-08 00:51:34,526] [autoreload.py:266] [autoreload:trigger_reload] [INFO]- /root/project/wx/test/wxcloudrun/views.py changed, reloading.
[2023-04-08 00:51:34,786] [autoreload.py:668] [autoreload:run_with_reloader] [INFO]- Watching for file changes with StatReloader
[2023-04-08 00:51:48,897] [autoreload.py:266] [autoreload:trigger_reload] [INFO]- /root/project/wx/test/wxcloudrun/views.py changed, reloading.
[2023-04-08 00:51:49,161] [autoreload.py:668] [autoreload:run_with_reloader] [INFO]- Watching for file changes with StatReloader
[2023-04-08 00:51:51,301] [autoreload.py:266] [autoreload:trigger_reload] [INFO]- /root/project/wx/test/wxcloudrun/views.py changed, reloading.
[2023-04-08 00:51:51,579] [autoreload.py:668] [autoreload:run_with_reloader] [INFO]- Watching for file changes with StatReloader
[2023-04-08 00:51:53,638] [autoreload.py:266] [autoreload:trigger_reload] [INFO]- /root/project/wx/test/wxcloudrun/views.py changed, reloading.
[2023-04-08 00:51:53,920] [autoreload.py:668] [autoreload:run_with_reloader] [INFO]- Watching for file changes with StatReloader
[2023-04-08 00:51:56,986] [autoreload.py:266] [autoreload:trigger_reload] [INFO]- /root/project/wx/test/wxcloudrun/views.py changed, reloading.
[2023-04-08 00:51:57,250] [autoreload.py:668] [autoreload:run_with_reloader] [INFO]- Watching for file changes with StatReloader
[2023-04-08 00:52:05,335] [autoreload.py:266] [autoreload:trigger_reload] [INFO]- /root/project/wx/test/wxcloudrun/views.py changed, reloading.
[2023-04-08 00:52:05,601] [autoreload.py:668] [autoreload:run_with_reloader] [INFO]- Watching for file changes with StatReloader
[2023-04-08 00:52:42,911] [autoreload.py:266] [autoreload:trigger_reload] [INFO]- /root/project/wx/test/wxcloudrun/views.py changed, reloading.
[2023-04-08 00:52:43,188] [autoreload.py:668] [autoreload:run_with_reloader] [INFO]- Watching for file changes with StatReloader
[2023-04-08 00:52:46,337] [autoreload.py:266] [autoreload:trigger_reload] [INFO]- /root/project/wx/test/wxcloudrun/views.py changed, reloading.
[2023-04-08 00:52:46,615] [autoreload.py:668] [autoreload:run_with_reloader] [INFO]- Watching for file changes with StatReloader
[2023-04-08 00:52:51,767] [autoreload.py:266] [autoreload:trigger_reload] [INFO]- /root/project/wx/test/wxcloudrun/views.py changed, reloading.
[2023-04-08 00:52:52,041] [autoreload.py:668] [autoreload:run_with_reloader] [INFO]- Watching for file changes with StatReloader
[2023-04-08 00:52:54,182] [autoreload.py:266] [autoreload:trigger_reload] [INFO]- /root/project/wx/test/wxcloudrun/views.py changed, reloading.
[2023-04-08 00:52:54,465] [autoreload.py:668] [autoreload:run_with_reloader] [INFO]- Watching for file changes with StatReloader
[2023-04-08 00:53:09,667] [autoreload.py:266] [autoreload:trigger_reload] [INFO]- /root/project/wx/test/wxcloudrun/views.py changed, reloading.
[2023-04-08 00:53:09,932] [autoreload.py:668] [autoreload:run_with_reloader] [INFO]- Watching for file changes with StatReloader
[2023-04-08 00:53:51,254] [autoreload.py:266] [autoreload:trigger_reload] [INFO]- /root/project/wx/test/wxcloudrun/views.py changed, reloading.
[2023-04-08 00:53:51,538] [autoreload.py:668] [autoreload:run_with_reloader] [INFO]- Watching for file changes with StatReloader
[2023-04-08 00:53:58,618] [autoreload.py:266] [autoreload:trigger_reload] [INFO]- /root/project/wx/test/wxcloudrun/views.py changed, reloading.
[2023-04-08 00:53:58,895] [autoreload.py:668] [autoreload:run_with_reloader] [INFO]- Watching for file changes with StatReloader
[2023-04-08 00:53:59,952] [autoreload.py:266] [autoreload:trigger_reload] [INFO]- /root/project/wx/test/wxcloudrun/views.py changed, reloading.
[2023-04-08 00:54:00,211] [autoreload.py:668] [autoreload:run_with_reloader] [INFO]- Watching for file changes with StatReloader
[2023-04-08 00:54:05,282] [autoreload.py:266] [autoreload:trigger_reload] [INFO]- /root/project/wx/test/wxcloudrun/views.py changed, reloading.
[2023-04-08 00:54:05,542] [autoreload.py:668] [autoreload:run_with_reloader] [INFO]- Watching for file changes with StatReloader
[2023-04-08 00:54:12,657] [autoreload.py:266] [autoreload:trigger_reload] [INFO]- /root/project/wx/test/wxcloudrun/views.py changed, reloading.
[2023-04-08 00:54:12,915] [autoreload.py:668] [autoreload:run_with_reloader] [INFO]- Watching for file changes with StatReloader
[2023-04-08 00:54:14,973] [autoreload.py:266] [autoreload:trigger_reload] [INFO]- /root/project/wx/test/wxcloudrun/views.py changed, reloading.
[2023-04-08 00:54:15,238] [autoreload.py:668] [autoreload:run_with_reloader] [INFO]- Watching for file changes with StatReloader
[2023-04-08 00:54:17,299] [autoreload.py:266] [autoreload:trigger_reload] [INFO]- /root/project/wx/test/wxcloudrun/views.py changed, reloading.
[2023-04-08 00:54:17,571] [autoreload.py:668] [autoreload:run_with_reloader] [INFO]- Watching for file changes with StatReloader
[2023-04-08 00:54:25,659] [autoreload.py:266] [autoreload:trigger_reload] [INFO]- /root/project/wx/test/wxcloudrun/views.py changed, reloading.
[2023-04-08 00:54:25,918] [autoreload.py:668] [autoreload:run_with_reloader] [INFO]- Watching for file changes with StatReloader
[2023-04-08 00:54:27,975] [autoreload.py:266] [autoreload:trigger_reload] [INFO]- /root/project/wx/test/wxcloudrun/views.py changed, reloading.
[2023-04-08 00:54:28,239] [autoreload.py:668] [autoreload:run_with_reloader] [INFO]- Watching for file changes with StatReloader
[2023-04-08 00:54:48,380] [autoreload.py:266] [autoreload:trigger_reload] [INFO]- /root/project/wx/test/wxcloudrun/views.py changed, reloading.
[2023-04-08 00:54:48,645] [autoreload.py:668] [autoreload:run_with_reloader] [INFO]- Watching for file changes with StatReloader
[2023-04-08 00:54:50,708] [autoreload.py:266] [autoreload:trigger_reload] [INFO]- /root/project/wx/test/wxcloudrun/views.py changed, reloading.
[2023-04-08 00:54:50,973] [autoreload.py:668] [autoreload:run_with_reloader] [INFO]- Watching for file changes with StatReloader
[2023-04-08 00:54:52,030] [autoreload.py:266] [autoreload:trigger_reload] [INFO]- /root/project/wx/test/wxcloudrun/views.py changed, reloading.
[2023-04-08 00:54:52,289] [autoreload.py:668] [autoreload:run_with_reloader] [INFO]- Watching for file changes with StatReloader
[2023-04-08 00:54:54,346] [autoreload.py:266] [autoreload:trigger_reload] [INFO]- /root/project/wx/test/wxcloudrun/views.py changed, reloading.
[2023-04-08 00:54:54,620] [autoreload.py:668] [autoreload:run_with_reloader] [INFO]- Watching for file changes with StatReloader
[2023-04-08 00:54:56,686] [autoreload.py:266] [autoreload:trigger_reload] [INFO]- /root/project/wx/test/wxcloudrun/views.py changed, reloading.
[2023-04-08 00:54:56,947] [autoreload.py:668] [autoreload:run_with_reloader] [INFO]- Watching for file changes with StatReloader
[2023-04-08 00:55:01,095] [autoreload.py:266] [autoreload:trigger_reload] [INFO]- /root/project/wx/test/wxcloudrun/views.py changed, reloading.
[2023-04-08 00:55:01,386] [autoreload.py:668] [autoreload:run_with_reloader] [INFO]- Watching for file changes with StatReloader
[2023-04-08 00:55:05,535] [autoreload.py:266] [autoreload:trigger_reload] [INFO]- /root/project/wx/test/wxcloudrun/views.py changed, reloading.
[2023-04-08 00:55:05,828] [autoreload.py:668] [autoreload:run_with_reloader] [INFO]- Watching for file changes with StatReloader
[2023-04-08 00:55:08,979] [autoreload.py:266] [autoreload:trigger_reload] [INFO]- /root/project/wx/test/wxcloudrun/views.py changed, reloading.
[2023-04-08 00:55:09,252] [autoreload.py:668] [autoreload:run_with_reloader] [INFO]- Watching for file changes with StatReloader
[2023-04-08 00:55:15,410] [autoreload.py:266] [autoreload:trigger_reload] [INFO]- /root/project/wx/test/wxcloudrun/views.py changed, reloading.
[2023-04-08 00:55:15,683] [autoreload.py:668] [autoreload:run_with_reloader] [INFO]- Watching for file changes with StatReloader
[2023-04-08 00:55:20,834] [autoreload.py:266] [autoreload:trigger_reload] [INFO]- /root/project/wx/test/wxcloudrun/views.py changed, reloading.
[2023-04-08 00:55:21,116] [autoreload.py:668] [autoreload:run_with_reloader] [INFO]- Watching for file changes with StatReloader
[2023-04-08 00:55:25,266] [autoreload.py:266] [autoreload:trigger_reload] [INFO]- /root/project/wx/test/wxcloudrun/views.py changed, reloading.
[2023-04-08 00:55:25,551] [autoreload.py:668] [autoreload:run_with_reloader] [INFO]- Watching for file changes with StatReloader
[2023-04-08 00:55:43,774] [autoreload.py:266] [autoreload:trigger_reload] [INFO]- /root/project/wx/test/wxcloudrun/views.py changed, reloading.
[2023-04-08 00:55:44,057] [autoreload.py:668] [autoreload:run_with_reloader] [INFO]- Watching for file changes with StatReloader
[2023-04-08 00:55:47,119] [autoreload.py:266] [autoreload:trigger_reload] [INFO]- /root/project/wx/test/wxcloudrun/views.py changed, reloading.
[2023-04-08 00:55:47,380] [autoreload.py:668] [autoreload:run_with_reloader] [INFO]- Watching for file changes with StatReloader
[2023-04-08 00:55:49,517] [autoreload.py:266] [autoreload:trigger_reload] [INFO]- /root/project/wx/test/wxcloudrun/views.py changed, reloading.
[2023-04-08 00:55:49,800] [autoreload.py:668] [autoreload:run_with_reloader] [INFO]- Watching for file changes with StatReloader
[2023-04-08 00:55:57,967] [autoreload.py:266] [autoreload:trigger_reload] [INFO]- /root/project/wx/test/wxcloudrun/views.py changed, reloading.
[2023-04-08 00:55:58,238] [autoreload.py:668] [autoreload:run_with_reloader] [INFO]- Watching for file changes with StatReloader
[2023-04-08 00:56:09,424] [autoreload.py:266] [autoreload:trigger_reload] [INFO]- /root/project/wx/test/wxcloudrun/views.py changed, reloading.
[2023-04-08 00:56:09,704] [autoreload.py:668] [autoreload:run_with_reloader] [INFO]- Watching for file changes with StatReloader
[2023-04-08 00:56:24,912] [autoreload.py:266] [autoreload:trigger_reload] [INFO]- /root/project/wx/test/wxcloudrun/views.py changed, reloading.
[2023-04-08 00:56:25,206] [autoreload.py:668] [autoreload:run_with_reloader] [INFO]- Watching for file changes with StatReloader
[2023-04-08 00:56:27,358] [autoreload.py:266] [autoreload:trigger_reload] [INFO]- /root/project/wx/test/wxcloudrun/views.py changed, reloading.
[2023-04-08 00:56:27,641] [autoreload.py:668] [autoreload:run_with_reloader] [INFO]- Watching for file changes with StatReloader
[2023-04-08 00:58:11,270] [autoreload.py:266] [autoreload:trigger_reload] [INFO]- /root/project/wx/test/wxcloudrun/views.py changed, reloading.
[2023-04-08 00:58:11,576] [autoreload.py:668] [autoreload:run_with_reloader] [INFO]- Watching for file changes with StatReloader
[2023-04-08 00:58:12,712] [autoreload.py:266] [autoreload:trigger_reload] [INFO]- /root/project/wx/test/wxcloudrun/views.py changed, reloading.
[2023-04-08 00:58:12,988] [autoreload.py:668] [autoreload:run_with_reloader] [INFO]- Watching for file changes with StatReloader
[2023-04-08 01:08:52,219] [autoreload.py:266] [autoreload:trigger_reload] [INFO]- /root/project/wx/test/wxcloudrun/views.py changed, reloading.
[2023-04-08 01:08:52,497] [autoreload.py:668] [autoreload:run_with_reloader] [INFO]- Watching for file changes with StatReloader
[2023-04-08 01:08:59,702] [autoreload.py:266] [autoreload:trigger_reload] [INFO]- /root/project/wx/test/wxcloudrun/views.py changed, reloading.
[2023-04-08 01:08:59,965] [autoreload.py:668] [autoreload:run_with_reloader] [INFO]- Watching for file changes with StatReloader
[2023-04-08 01:09:06,127] [autoreload.py:266] [autoreload:trigger_reload] [INFO]- /root/project/wx/test/wxcloudrun/views.py changed, reloading.
[2023-04-08 01:09:06,403] [autoreload.py:668] [autoreload:run_with_reloader] [INFO]- Watching for file changes with StatReloader
[2023-04-08 01:09:09,546] [autoreload.py:266] [autoreload:trigger_reload] [INFO]- /root/project/wx/test/wxcloudrun/views.py changed, reloading.
[2023-04-08 01:09:09,824] [autoreload.py:668] [autoreload:run_with_reloader] [INFO]- Watching for file changes with StatReloader
[2023-04-08 01:09:12,968] [autoreload.py:266] [autoreload:trigger_reload] [INFO]- /root/project/wx/test/wxcloudrun/views.py changed, reloading.
[2023-04-08 01:09:13,239] [autoreload.py:668] [autoreload:run_with_reloader] [INFO]- Watching for file changes with StatReloader
[2023-04-08 01:09:24,339] [autoreload.py:266] [autoreload:trigger_reload] [INFO]- /root/project/wx/test/wxcloudrun/views.py changed, reloading.
[2023-04-08 01:09:24,597] [autoreload.py:668] [autoreload:run_with_reloader] [INFO]- Watching for file changes with StatReloader
[2023-04-08 01:09:48,750] [autoreload.py:266] [autoreload:trigger_reload] [INFO]- /root/project/wx/test/wxcloudrun/views.py changed, reloading.
[2023-04-08 01:09:49,008] [autoreload.py:668] [autoreload:run_with_reloader] [INFO]- Watching for file changes with StatReloader
[2023-04-08 01:09:56,095] [autoreload.py:266] [autoreload:trigger_reload] [INFO]- /root/project/wx/test/wxcloudrun/views.py changed, reloading.
[2023-04-08 01:09:56,357] [autoreload.py:668] [autoreload:run_with_reloader] [INFO]- Watching for file changes with StatReloader
[2023-04-08 01:10:00,425] [autoreload.py:266] [autoreload:trigger_reload] [INFO]- /root/project/wx/test/wxcloudrun/views.py changed, reloading.
[2023-04-08 01:10:00,689] [autoreload.py:668] [autoreload:run_with_reloader] [INFO]- Watching for file changes with StatReloader
[2023-04-08 01:10:16,809] [autoreload.py:266] [autoreload:trigger_reload] [INFO]- /root/project/wx/test/wxcloudrun/views.py changed, reloading.
[2023-04-08 01:10:17,077] [autoreload.py:668] [autoreload:run_with_reloader] [INFO]- Watching for file changes with StatReloader
[2023-04-08 01:10:19,137] [autoreload.py:266] [autoreload:trigger_reload] [INFO]- /root/project/wx/test/wxcloudrun/views.py changed, reloading.
[2023-04-08 01:10:19,398] [autoreload.py:668] [autoreload:run_with_reloader] [INFO]- Watching for file changes with StatReloader
[2023-04-08 01:10:24,556] [autoreload.py:266] [autoreload:trigger_reload] [INFO]- /root/project/wx/test/wxcloudrun/views.py changed, reloading.
[2023-04-08 01:10:24,830] [autoreload.py:668] [autoreload:run_with_reloader] [INFO]- Watching for file changes with StatReloader
[2023-04-08 01:10:40,030] [autoreload.py:266] [autoreload:trigger_reload] [INFO]- /root/project/wx/test/wxcloudrun/views.py changed, reloading.
[2023-04-08 01:10:40,303] [autoreload.py:668] [autoreload:run_with_reloader] [INFO]- Watching for file changes with StatReloader
[2023-04-08 01:10:46,464] [autoreload.py:266] [autoreload:trigger_reload] [INFO]- /root/project/wx/test/wxcloudrun/views.py changed, reloading.
[2023-04-08 01:10:46,750] [autoreload.py:668] [autoreload:run_with_reloader] [INFO]- Watching for file changes with StatReloader
[2023-04-08 01:10:51,828] [autoreload.py:266] [autoreload:trigger_reload] [INFO]- /root/project/wx/test/wxcloudrun/views.py changed, reloading.
[2023-04-08 01:10:52,089] [autoreload.py:668] [autoreload:run_with_reloader] [INFO]- Watching for file changes with StatReloader
[2023-04-08 01:10:56,156] [autoreload.py:266] [autoreload:trigger_reload] [INFO]- /root/project/wx/test/wxcloudrun/views.py changed, reloading.
[2023-04-08 01:10:56,413] [autoreload.py:668] [autoreload:run_with_reloader] [INFO]- Watching for file changes with StatReloader
[2023-04-08 02:07:33,901] [autoreload.py:266] [autoreload:trigger_reload] [INFO]- /root/project/wx/test/wxcloudrun/views.py changed, reloading.
[2023-04-08 02:07:34,185] [autoreload.py:668] [autoreload:run_with_reloader] [INFO]- Watching for file changes with StatReloader
[2023-04-08 02:54:36,706] [autoreload.py:266] [autoreload:trigger_reload] [INFO]- /root/project/wx/test/wxcloudrun/views.py changed, reloading.
[2023-04-08 02:54:36,992] [autoreload.py:668] [autoreload:run_with_reloader] [INFO]- Watching for file changes with StatReloader
[2023-04-08 02:54:46,082] [autoreload.py:266] [autoreload:trigger_reload] [INFO]- /root/project/wx/test/wxcloudrun/views.py changed, reloading.
[2023-04-08 02:54:46,364] [autoreload.py:668] [autoreload:run_with_reloader] [INFO]- Watching for file changes with StatReloader
[2023-04-08 02:54:47,421] [autoreload.py:266] [autoreload:trigger_reload] [INFO]- /root/project/wx/test/wxcloudrun/views.py changed, reloading.
[2023-04-08 02:54:47,683] [autoreload.py:668] [autoreload:run_with_reloader] [INFO]- Watching for file changes with StatReloader
[2023-04-08 02:54:52,754] [autoreload.py:266] [autoreload:trigger_reload] [INFO]- /root/project/wx/test/wxcloudrun/views.py changed, reloading.
[2023-04-08 02:54:53,018] [autoreload.py:668] [autoreload:run_with_reloader] [INFO]- Watching for file changes with StatReloader
[2023-04-08 02:54:55,161] [autoreload.py:266] [autoreload:trigger_reload] [INFO]- /root/project/wx/test/wxcloudrun/views.py changed, reloading.
[2023-04-08 02:54:55,439] [autoreload.py:668] [autoreload:run_with_reloader] [INFO]- Watching for file changes with StatReloader
[2023-04-08 02:54:57,585] [autoreload.py:266] [autoreload:trigger_reload] [INFO]- /root/project/wx/test/wxcloudrun/views.py changed, reloading.
[2023-04-08 02:54:57,866] [autoreload.py:668] [autoreload:run_with_reloader] [INFO]- Watching for file changes with StatReloader
[2023-04-08 02:55:03,019] [autoreload.py:266] [autoreload:trigger_reload] [INFO]- /root/project/wx/test/wxcloudrun/views.py changed, reloading.
[2023-04-08 02:55:03,289] [autoreload.py:668] [autoreload:run_with_reloader] [INFO]- Watching for file changes with StatReloader
[2023-04-08 02:55:22,508] [autoreload.py:266] [autoreload:trigger_reload] [INFO]- /root/project/wx/test/wxcloudrun/views.py changed, reloading.
[2023-04-08 02:55:22,797] [autoreload.py:668] [autoreload:run_with_reloader] [INFO]- Watching for file changes with StatReloader
[2023-04-08 02:55:31,974] [autoreload.py:266] [autoreload:trigger_reload] [INFO]- /root/project/wx/test/wxcloudrun/views.py changed, reloading.
[2023-04-08 02:55:32,252] [autoreload.py:668] [autoreload:run_with_reloader] [INFO]- Watching for file changes with StatReloader
[2023-04-08 02:56:09,558] [autoreload.py:266] [autoreload:trigger_reload] [INFO]- /root/project/wx/test/wxcloudrun/views.py changed, reloading.
[2023-04-08 02:56:09,840] [autoreload.py:668] [autoreload:run_with_reloader] [INFO]- Watching for file changes with StatReloader
[2023-04-08 02:56:10,899] [autoreload.py:266] [autoreload:trigger_reload] [INFO]- /root/project/wx/test/wxcloudrun/views.py changed, reloading.
[2023-04-08 02:56:11,158] [autoreload.py:668] [autoreload:run_with_reloader] [INFO]- Watching for file changes with StatReloader
[2023-04-08 02:56:14,221] [autoreload.py:266] [autoreload:trigger_reload] [INFO]- /root/project/wx/test/wxcloudrun/views.py changed, reloading.
[2023-04-08 02:56:14,479] [autoreload.py:668] [autoreload:run_with_reloader] [INFO]- Watching for file changes with StatReloader
[2023-04-08 02:56:16,540] [autoreload.py:266] [autoreload:trigger_reload] [INFO]- /root/project/wx/test/wxcloudrun/views.py changed, reloading.
[2023-04-08 02:56:16,804] [autoreload.py:668] [autoreload:run_with_reloader] [INFO]- Watching for file changes with StatReloader
[2023-04-08 02:56:24,993] [autoreload.py:266] [autoreload:trigger_reload] [INFO]- /root/project/wx/test/wxcloudrun/views.py changed, reloading.
[2023-04-08 02:56:25,270] [autoreload.py:668] [autoreload:run_with_reloader] [INFO]- Watching for file changes with StatReloader
[2023-04-08 02:56:27,330] [autoreload.py:266] [autoreload:trigger_reload] [INFO]- /root/project/wx/test/wxcloudrun/views.py changed, reloading.
[2023-04-08 02:56:27,591] [autoreload.py:668] [autoreload:run_with_reloader] [INFO]- Watching for file changes with StatReloader
[2023-04-08 02:56:29,731] [autoreload.py:266] [autoreload:trigger_reload] [INFO]- /root/project/wx/test/wxcloudrun/views.py changed, reloading.
[2023-04-08 02:56:30,000] [autoreload.py:668] [autoreload:run_with_reloader] [INFO]- Watching for file changes with StatReloader
[2023-04-08 02:56:39,172] [autoreload.py:266] [autoreload:trigger_reload] [INFO]- /root/project/wx/test/wxcloudrun/views.py changed, reloading.
[2023-04-08 02:56:39,444] [autoreload.py:668] [autoreload:run_with_reloader] [INFO]- Watching for file changes with StatReloader
[2023-04-08 02:56:43,512] [autoreload.py:266] [autoreload:trigger_reload] [INFO]- /root/project/wx/test/wxcloudrun/views.py changed, reloading.
[2023-04-08 02:56:43,787] [autoreload.py:668] [autoreload:run_with_reloader] [INFO]- Watching for file changes with StatReloader
[2023-04-08 02:56:44,842] [autoreload.py:266] [autoreload:trigger_reload] [INFO]- /root/project/wx/test/wxcloudrun/views.py changed, reloading.
[2023-04-08 02:56:45,115] [autoreload.py:668] [autoreload:run_with_reloader] [INFO]- Watching for file changes with StatReloader
[2023-04-08 02:56:46,173] [autoreload.py:266] [autoreload:trigger_reload] [INFO]- /root/project/wx/test/wxcloudrun/views.py changed, reloading.
[2023-04-08 02:56:46,434] [autoreload.py:668] [autoreload:run_with_reloader] [INFO]- Watching for file changes with StatReloader
[2023-04-08 02:57:12,598] [autoreload.py:266] [autoreload:trigger_reload] [INFO]- /root/project/wx/test/wxcloudrun/views.py changed, reloading.
[2023-04-08 02:57:12,868] [autoreload.py:668] [autoreload:run_with_reloader] [INFO]- Watching for file changes with StatReloader
[2023-04-08 02:58:12,176] [autoreload.py:266] [autoreload:trigger_reload] [INFO]- /root/project/wx/test/wxcloudrun/views.py changed, reloading.
[2023-04-08 02:58:12,438] [autoreload.py:668] [autoreload:run_with_reloader] [INFO]- Watching for file changes with StatReloader
[2023-04-08 02:58:18,515] [autoreload.py:266] [autoreload:trigger_reload] [INFO]- /root/project/wx/test/wxcloudrun/views.py changed, reloading.
[2023-04-08 02:58:18,776] [autoreload.py:668] [autoreload:run_with_reloader] [INFO]- Watching for file changes with StatReloader
[2023-04-08 02:58:28,868] [autoreload.py:266] [autoreload:trigger_reload] [INFO]- /root/project/wx/test/wxcloudrun/views.py changed, reloading.
[2023-04-08 02:58:29,123] [autoreload.py:668] [autoreload:run_with_reloader] [INFO]- Watching for file changes with StatReloader
[2023-04-08 02:58:32,190] [autoreload.py:266] [autoreload:trigger_reload] [INFO]- /root/project/wx/test/wxcloudrun/views.py changed, reloading.
[2023-04-08 02:58:32,470] [autoreload.py:668] [autoreload:run_with_reloader] [INFO]- Watching for file changes with StatReloader
[2023-04-08 02:59:02,654] [autoreload.py:266] [autoreload:trigger_reload] [INFO]- /root/project/wx/test/wxcloudrun/views.py changed, reloading.
[2023-04-08 02:59:02,937] [autoreload.py:668] [autoreload:run_with_reloader] [INFO]- Watching for file changes with StatReloader
[2023-04-08 02:59:10,019] [autoreload.py:266] [autoreload:trigger_reload] [INFO]- /root/project/wx/test/wxcloudrun/views.py changed, reloading.
[2023-04-08 02:59:10,288] [autoreload.py:668] [autoreload:run_with_reloader] [INFO]- Watching for file changes with StatReloader
[2023-04-08 02:59:22,390] [autoreload.py:266] [autoreload:trigger_reload] [INFO]- /root/project/wx/test/wxcloudrun/views.py changed, reloading.
[2023-04-08 02:59:22,663] [autoreload.py:668] [autoreload:run_with_reloader] [INFO]- Watching for file changes with StatReloader
[2023-04-08 02:59:23,803] [autoreload.py:266] [autoreload:trigger_reload] [INFO]- /root/project/wx/test/wxcloudrun/views.py changed, reloading.
[2023-04-08 02:59:24,094] [autoreload.py:668] [autoreload:run_with_reloader] [INFO]- Watching for file changes with StatReloader
[2023-04-08 02:59:27,235] [autoreload.py:266] [autoreload:trigger_reload] [INFO]- /root/project/wx/test/wxcloudrun/views.py changed, reloading.
[2023-04-08 02:59:27,507] [autoreload.py:668] [autoreload:run_with_reloader] [INFO]- Watching for file changes with StatReloader
[2023-04-08 02:59:38,689] [autoreload.py:266] [autoreload:trigger_reload] [INFO]- /root/project/wx/test/wxcloudrun/views.py changed, reloading.
[2023-04-08 02:59:38,963] [autoreload.py:668] [autoreload:run_with_reloader] [INFO]- Watching for file changes with StatReloader
[2023-04-08 02:59:43,033] [autoreload.py:266] [autoreload:trigger_reload] [INFO]- /root/project/wx/test/wxcloudrun/views.py changed, reloading.
[2023-04-08 02:59:43,290] [autoreload.py:668] [autoreload:run_with_reloader] [INFO]- Watching for file changes with StatReloader
[2023-04-08 02:59:45,352] [autoreload.py:266] [autoreload:trigger_reload] [INFO]- /root/project/wx/test/wxcloudrun/views.py changed, reloading.
[2023-04-08 02:59:45,625] [autoreload.py:668] [autoreload:run_with_reloader] [INFO]- Watching for file changes with StatReloader
[2023-04-08 02:59:48,692] [autoreload.py:266] [autoreload:trigger_reload] [INFO]- /root/project/wx/test/wxcloudrun/views.py changed, reloading.
[2023-04-08 02:59:48,946] [autoreload.py:668] [autoreload:run_with_reloader] [INFO]- Watching for file changes with StatReloader
[2023-04-08 03:00:34,191] [autoreload.py:266] [autoreload:trigger_reload] [INFO]- /root/project/wx/test/wxcloudrun/views.py changed, reloading.
[2023-04-08 03:00:34,446] [autoreload.py:668] [autoreload:run_with_reloader] [INFO]- Watching for file changes with StatReloader
[2023-04-08 03:00:41,526] [autoreload.py:266] [autoreload:trigger_reload] [INFO]- /root/project/wx/test/wxcloudrun/views.py changed, reloading.
[2023-04-08 03:00:41,795] [autoreload.py:668] [autoreload:run_with_reloader] [INFO]- Watching for file changes with StatReloader
[2023-04-08 03:00:45,864] [autoreload.py:266] [autoreload:trigger_reload] [INFO]- /root/project/wx/test/wxcloudrun/views.py changed, reloading.
[2023-04-08 03:00:46,127] [autoreload.py:668] [autoreload:run_with_reloader] [INFO]- Watching for file changes with StatReloader
[2023-04-08 03:00:50,193] [autoreload.py:266] [autoreload:trigger_reload] [INFO]- /root/project/wx/test/wxcloudrun/views.py changed, reloading.
[2023-04-08 03:00:50,458] [autoreload.py:668] [autoreload:run_with_reloader] [INFO]- Watching for file changes with StatReloader
[2023-04-08 03:00:57,618] [autoreload.py:266] [autoreload:trigger_reload] [INFO]- /root/project/wx/test/wxcloudrun/views.py changed, reloading.
[2023-04-08 03:00:57,897] [autoreload.py:668] [autoreload:run_with_reloader] [INFO]- Watching for file changes with StatReloader
[2023-04-08 03:00:59,031] [autoreload.py:266] [autoreload:trigger_reload] [INFO]- /root/project/wx/test/wxcloudrun/views.py changed, reloading.
[2023-04-08 03:00:59,317] [autoreload.py:668] [autoreload:run_with_reloader] [INFO]- Watching for file changes with StatReloader
[2023-04-08 03:01:01,500] [autoreload.py:266] [autoreload:trigger_reload] [INFO]- /root/project/wx/test/wxcloudrun/views.py changed, reloading.
[2023-04-08 03:01:01,770] [autoreload.py:668] [autoreload:run_with_reloader] [INFO]- Watching for file changes with StatReloader
[2023-04-08 03:01:04,921] [autoreload.py:266] [autoreload:trigger_reload] [INFO]- /root/project/wx/test/wxcloudrun/views.py changed, reloading.
[2023-04-08 03:01:05,198] [autoreload.py:668] [autoreload:run_with_reloader] [INFO]- Watching for file changes with StatReloader
[2023-04-08 03:29:14,433] [autoreload.py:266] [autoreload:trigger_reload] [INFO]- /root/project/wx/test/wxcloudrun/views.py changed, reloading.
[2023-04-08 03:29:14,711] [autoreload.py:668] [autoreload:run_with_reloader] [INFO]- Watching for file changes with StatReloader
[2023-04-08 03:29:41,324] [autoreload.py:668] [autoreload:run_with_reloader] [INFO]- Watching for file changes with StatReloader
[2023-04-08 03:30:11,596] [autoreload.py:266] [autoreload:trigger_reload] [INFO]- /root/project/wx/test/wxcloudrun/views.py changed, reloading.
[2023-04-08 03:30:11,873] [autoreload.py:668] [autoreload:run_with_reloader] [INFO]- Watching for file changes with StatReloader
[2023-04-08 03:30:48,737] [log.py:241] [log:log_response] [ERROR]- Internal Server Error: /
Traceback (most recent call last):
  File "/usr/local/python3/lib/python3.8/site-packages/django/core/handlers/exception.py", line 55, in inner
    response = get_response(request)
  File "/usr/local/python3/lib/python3.8/site-packages/django/core/handlers/base.py", line 197, in _get_response
    response = wrapped_callback(request, *callback_args, **callback_kwargs)
  File "/root/project/wx/test/wxcloudrun/views.py", line 66, in wxapi
    replyContent = filterReply(replyContent)  #
TypeError: filterReply() missing 1 required positional argument: 'content'
[2023-04-08 03:30:48,738] [basehttp.py:212] [basehttp:log_message] [ERROR]- "POST / HTTP/1.1" 500 61563
[2023-04-08 03:31:20,550] [autoreload.py:266] [autoreload:trigger_reload] [INFO]- /root/project/wx/test/wxcloudrun/views.py changed, reloading.
[2023-04-08 03:31:20,839] [autoreload.py:668] [autoreload:run_with_reloader] [INFO]- Watching for file changes with StatReloader
[2023-04-08 03:31:26,143] [basehttp.py:212] [basehttp:log_message] [INFO]- "POST / HTTP/1.1" 200 255
[2023-04-08 03:32:40,785] [basehttp.py:212] [basehttp:log_message] [INFO]- "POST / HTTP/1.1" 200 255
[2023-04-08 03:34:50,331] [autoreload.py:266] [autoreload:trigger_reload] [INFO]- /root/project/wx/test/wxcloudrun/views.py changed, reloading.
[2023-04-08 03:34:50,619] [autoreload.py:668] [autoreload:run_with_reloader] [INFO]- Watching for file changes with StatReloader
[2023-04-08 03:35:00,873] [autoreload.py:266] [autoreload:trigger_reload] [INFO]- /root/project/wx/test/wxcloudrun/views.py changed, reloading.
[2023-04-08 03:35:01,141] [autoreload.py:668] [autoreload:run_with_reloader] [INFO]- Watching for file changes with StatReloader
[2023-04-08 03:35:04,354] [autoreload.py:266] [autoreload:trigger_reload] [INFO]- /root/project/wx/test/wxcloudrun/views.py changed, reloading.
[2023-04-08 03:35:04,633] [autoreload.py:668] [autoreload:run_with_reloader] [INFO]- Watching for file changes with StatReloader
[2023-04-08 03:35:05,830] [autoreload.py:266] [autoreload:trigger_reload] [INFO]- /root/project/wx/test/wxcloudrun/views.py changed, reloading.
[2023-04-08 03:35:06,108] [autoreload.py:668] [autoreload:run_with_reloader] [INFO]- Watching for file changes with StatReloader
[2023-04-08 03:35:08,312] [autoreload.py:266] [autoreload:trigger_reload] [INFO]- /root/project/wx/test/wxcloudrun/views.py changed, reloading.
[2023-04-08 03:35:08,579] [autoreload.py:668] [autoreload:run_with_reloader] [INFO]- Watching for file changes with StatReloader
[2023-04-08 03:35:13,802] [autoreload.py:266] [autoreload:trigger_reload] [INFO]- /root/project/wx/test/wxcloudrun/views.py changed, reloading.
[2023-04-08 03:35:14,078] [autoreload.py:668] [autoreload:run_with_reloader] [INFO]- Watching for file changes with StatReloader
[2023-04-08 03:35:22,323] [autoreload.py:266] [autoreload:trigger_reload] [INFO]- /root/project/wx/test/wxcloudrun/views.py changed, reloading.
[2023-04-08 03:35:22,592] [autoreload.py:668] [autoreload:run_with_reloader] [INFO]- Watching for file changes with StatReloader
[2023-04-08 03:35:31,316] [basehttp.py:212] [basehttp:log_message] [INFO]- "POST / HTTP/1.1" 200 255
[2023-04-08 03:35:49,992] [autoreload.py:266] [autoreload:trigger_reload] [INFO]- /root/project/wx/test/wxcloudrun/dealMsg.py changed, reloading.
[2023-04-08 03:35:50,266] [autoreload.py:668] [autoreload:run_with_reloader] [INFO]- Watching for file changes with StatReloader
[2023-04-08 03:35:51,467] [autoreload.py:266] [autoreload:trigger_reload] [INFO]- /root/project/wx/test/wxcloudrun/dealMsg.py changed, reloading.
[2023-04-08 03:35:51,753] [autoreload.py:668] [autoreload:run_with_reloader] [INFO]- Watching for file changes with StatReloader
[2023-04-08 03:35:53,964] [autoreload.py:266] [autoreload:trigger_reload] [INFO]- /root/project/wx/test/wxcloudrun/dealMsg.py changed, reloading.
[2023-04-08 03:35:54,253] [autoreload.py:668] [autoreload:run_with_reloader] [INFO]- Watching for file changes with StatReloader
[2023-04-08 03:35:58,477] [autoreload.py:266] [autoreload:trigger_reload] [INFO]- /root/project/wx/test/wxcloudrun/dealMsg.py changed, reloading.
[2023-04-08 03:35:58,743] [autoreload.py:668] [autoreload:run_with_reloader] [INFO]- Watching for file changes with StatReloader
[2023-04-08 03:36:01,953] [autoreload.py:266] [autoreload:trigger_reload] [INFO]- /root/project/wx/test/wxcloudrun/dealMsg.py changed, reloading.
[2023-04-08 03:36:02,227] [autoreload.py:668] [autoreload:run_with_reloader] [INFO]- Watching for file changes with StatReloader
[2023-04-08 03:36:10,471] [autoreload.py:266] [autoreload:trigger_reload] [INFO]- /root/project/wx/test/wxcloudrun/dealMsg.py changed, reloading.
[2023-04-08 03:36:10,744] [autoreload.py:668] [autoreload:run_with_reloader] [INFO]- Watching for file changes with StatReloader
[2023-04-08 03:36:28,900] [basehttp.py:212] [basehttp:log_message] [INFO]- "POST / HTTP/1.1" 200 265
[2023-04-08 03:37:51,582] [autoreload.py:266] [autoreload:trigger_reload] [INFO]- /root/project/wx/test/wxcloudrun/views.py changed, reloading.
[2023-04-08 03:37:51,859] [autoreload.py:668] [autoreload:run_with_reloader] [INFO]- Watching for file changes with StatReloader
[2023-04-08 03:37:53,063] [autoreload.py:266] [autoreload:trigger_reload] [INFO]- /root/project/wx/test/wxcloudrun/views.py changed, reloading.
[2023-04-08 03:37:53,336] [autoreload.py:668] [autoreload:run_with_reloader] [INFO]- Watching for file changes with StatReloader
[2023-04-08 03:38:00,567] [autoreload.py:266] [autoreload:trigger_reload] [INFO]- /root/project/wx/test/wxcloudrun/views.py changed, reloading.
[2023-04-08 03:38:00,835] [autoreload.py:668] [autoreload:run_with_reloader] [INFO]- Watching for file changes with StatReloader
[2023-04-08 03:38:02,030] [autoreload.py:266] [autoreload:trigger_reload] [INFO]- /root/project/wx/test/wxcloudrun/views.py changed, reloading.
[2023-04-08 03:38:02,294] [autoreload.py:668] [autoreload:run_with_reloader] [INFO]- Watching for file changes with StatReloader
[2023-04-08 03:38:05,505] [autoreload.py:266] [autoreload:trigger_reload] [INFO]- /root/project/wx/test/wxcloudrun/views.py changed, reloading.
[2023-04-08 03:38:05,776] [autoreload.py:668] [autoreload:run_with_reloader] [INFO]- Watching for file changes with StatReloader
[2023-04-08 03:38:07,976] [autoreload.py:266] [autoreload:trigger_reload] [INFO]- /root/project/wx/test/wxcloudrun/views.py changed, reloading.
[2023-04-08 03:38:08,263] [autoreload.py:668] [autoreload:run_with_reloader] [INFO]- Watching for file changes with StatReloader
[2023-04-08 03:38:12,481] [autoreload.py:266] [autoreload:trigger_reload] [INFO]- /root/project/wx/test/wxcloudrun/views.py changed, reloading.
[2023-04-08 03:38:12,744] [autoreload.py:668] [autoreload:run_with_reloader] [INFO]- Watching for file changes with StatReloader
[2023-04-08 03:38:15,956] [autoreload.py:266] [autoreload:trigger_reload] [INFO]- /root/project/wx/test/wxcloudrun/views.py changed, reloading.
[2023-04-08 03:38:16,224] [autoreload.py:668] [autoreload:run_with_reloader] [INFO]- Watching for file changes with StatReloader
[2023-04-08 03:38:18,434] [autoreload.py:266] [autoreload:trigger_reload] [INFO]- /root/project/wx/test/wxcloudrun/views.py changed, reloading.
[2023-04-08 03:38:18,725] [autoreload.py:668] [autoreload:run_with_reloader] [INFO]- Watching for file changes with StatReloader
[2023-04-08 03:38:21,663] [basehttp.py:212] [basehttp:log_message] [INFO]- "POST / HTTP/1.1" 200 265
[2023-04-08 09:26:44,279] [autoreload.py:266] [autoreload:trigger_reload] [INFO]- /root/project/wx/test/wxcloudrun/dealMsg.py changed, reloading.
[2023-04-08 09:26:44,555] [autoreload.py:668] [autoreload:run_with_reloader] [INFO]- Watching for file changes with StatReloader
[2023-04-08 09:26:55,818] [autoreload.py:266] [autoreload:trigger_reload] [INFO]- /root/project/wx/test/wxcloudrun/views.py changed, reloading.
[2023-04-08 09:26:56,102] [autoreload.py:668] [autoreload:run_with_reloader] [INFO]- Watching for file changes with StatReloader
[2023-04-08 09:27:04,852] [basehttp.py:212] [basehttp:log_message] [INFO]- "POST / HTTP/1.1" 200 265
[2023-04-08 09:27:18,595] [basehttp.py:212] [basehttp:log_message] [INFO]- "POST / HTTP/1.1" 200 265
[2023-04-08 09:27:49,198] [basehttp.py:212] [basehttp:log_message] [INFO]- "POST / HTTP/1.1" 200 265
[2023-04-08 09:27:55,609] [basehttp.py:212] [basehttp:log_message] [INFO]- "POST / HTTP/1.1" 200 265
[2023-04-08 09:28:12,812] [autoreload.py:266] [autoreload:trigger_reload] [INFO]- /root/project/wx/test/wxcloudrun/views.py changed, reloading.
[2023-04-08 09:28:13,097] [autoreload.py:668] [autoreload:run_with_reloader] [INFO]- Watching for file changes with StatReloader
[2023-04-08 09:28:16,310] [autoreload.py:266] [autoreload:trigger_reload] [INFO]- /root/project/wx/test/wxcloudrun/views.py changed, reloading.
[2023-04-08 09:28:16,593] [autoreload.py:668] [autoreload:run_with_reloader] [INFO]- Watching for file changes with StatReloader
[2023-04-08 09:28:22,060] [basehttp.py:212] [basehttp:log_message] [INFO]- "POST / HTTP/1.1" 200 265
[2023-04-08 09:28:48,019] [autoreload.py:266] [autoreload:trigger_reload] [INFO]- /root/project/wx/test/wxcloudrun/views.py changed, reloading.
[2023-04-08 09:28:48,305] [autoreload.py:668] [autoreload:run_with_reloader] [INFO]- Watching for file changes with StatReloader
[2023-04-08 09:28:52,314] [basehttp.py:212] [basehttp:log_message] [INFO]- "POST / HTTP/1.1" 200 265
[2023-04-08 09:28:58,120] [autoreload.py:668] [autoreload:run_with_reloader] [INFO]- Watching for file changes with StatReloader
[2023-04-08 09:29:00,552] [basehttp.py:212] [basehttp:log_message] [INFO]- "POST / HTTP/1.1" 200 265
[2023-04-08 09:30:38,976] [autoreload.py:266] [autoreload:trigger_reload] [INFO]- /root/project/wx/test/wxcloudrun/views.py changed, reloading.
[2023-04-08 09:30:39,253] [autoreload.py:668] [autoreload:run_with_reloader] [INFO]- Watching for file changes with StatReloader
[2023-04-08 09:30:44,475] [autoreload.py:266] [autoreload:trigger_reload] [INFO]- /root/project/wx/test/wxcloudrun/views.py changed, reloading.
[2023-04-08 09:30:44,751] [autoreload.py:668] [autoreload:run_with_reloader] [INFO]- Watching for file changes with StatReloader
[2023-04-08 09:30:45,953] [autoreload.py:266] [autoreload:trigger_reload] [INFO]- /root/project/wx/test/wxcloudrun/views.py changed, reloading.
[2023-04-08 09:30:46,221] [autoreload.py:668] [autoreload:run_with_reloader] [INFO]- Watching for file changes with StatReloader
[2023-04-08 09:30:54,444] [basehttp.py:212] [basehttp:log_message] [INFO]- "POST / HTTP/1.1" 200 265
[2023-04-08 09:31:55,876] [autoreload.py:266] [autoreload:trigger_reload] [INFO]- /root/project/wx/test/wxcloudrun/dealMsg.py changed, reloading.
[2023-04-08 09:31:56,153] [autoreload.py:668] [autoreload:run_with_reloader] [INFO]- Watching for file changes with StatReloader
[2023-04-08 09:32:16,195] [basehttp.py:212] [basehttp:log_message] [INFO]- "POST / HTTP/1.1" 200 234
[2023-04-08 09:32:43,343] [basehttp.py:212] [basehttp:log_message] [INFO]- "POST / HTTP/1.1" 200 234
[2023-04-08 09:33:15,199] [basehttp.py:212] [basehttp:log_message] [INFO]- "POST / HTTP/1.1" 200 234
[2023-04-08 09:33:49,920] [basehttp.py:212] [basehttp:log_message] [INFO]- "POST / HTTP/1.1" 200 234
[2023-04-08 09:33:59,588] [basehttp.py:212] [basehttp:log_message] [INFO]- "POST / HTTP/1.1" 200 234
[2023-04-08 09:34:11,328] [basehttp.py:212] [basehttp:log_message] [INFO]- "POST / HTTP/1.1" 200 234
[2023-04-08 09:34:19,043] [basehttp.py:212] [basehttp:log_message] [INFO]- "POST / HTTP/1.1" 200 234
[2023-04-08 09:35:45,750] [autoreload.py:266] [autoreload:trigger_reload] [INFO]- /root/project/wx/test/wxcloudrun/views.py changed, reloading.
[2023-04-08 09:35:46,011] [autoreload.py:668] [autoreload:run_with_reloader] [INFO]- Watching for file changes with StatReloader
[2023-04-08 09:35:59,604] [basehttp.py:212] [basehttp:log_message] [INFO]- "POST / HTTP/1.1" 200 234
[2023-04-08 09:36:02,757] [basehttp.py:212] [basehttp:log_message] [INFO]- "POST / HTTP/1.1" 200 234
[2023-04-08 09:36:20,454] [autoreload.py:266] [autoreload:trigger_reload] [INFO]- /root/project/wx/test/wxcloudrun/views.py changed, reloading.
[2023-04-08 09:36:20,757] [autoreload.py:668] [autoreload:run_with_reloader] [INFO]- Watching for file changes with StatReloader
[2023-04-08 09:36:23,976] [autoreload.py:266] [autoreload:trigger_reload] [INFO]- /root/project/wx/test/wxcloudrun/views.py changed, reloading.
[2023-04-08 09:36:24,260] [autoreload.py:668] [autoreload:run_with_reloader] [INFO]- Watching for file changes with StatReloader
[2023-04-08 09:41:09,681] [autoreload.py:668] [autoreload:run_with_reloader] [INFO]- Watching for file changes with StatReloader
[2023-04-08 09:41:13,158] [basehttp.py:212] [basehttp:log_message] [INFO]- "POST / HTTP/1.1" 200 234
[2023-04-08 09:41:29,069] [basehttp.py:212] [basehttp:log_message] [INFO]- "POST / HTTP/1.1" 200 234
[2023-04-08 09:41:45,011] [basehttp.py:212] [basehttp:log_message] [INFO]- "POST / HTTP/1.1" 200 234
[2023-04-08 09:42:09,267] [autoreload.py:266] [autoreload:trigger_reload] [INFO]- /root/project/wx/test/basicfunc.py changed, reloading.
[2023-04-08 09:42:09,557] [autoreload.py:668] [autoreload:run_with_reloader] [INFO]- Watching for file changes with StatReloader
[2023-04-08 09:42:13,774] [autoreload.py:266] [autoreload:trigger_reload] [INFO]- /root/project/wx/test/basicfunc.py changed, reloading.
[2023-04-08 09:42:14,053] [autoreload.py:668] [autoreload:run_with_reloader] [INFO]- Watching for file changes with StatReloader
[2023-04-08 09:42:51,463] [autoreload.py:266] [autoreload:trigger_reload] [INFO]- /root/project/wx/test/basicfunc.py changed, reloading.
[2023-04-08 09:42:51,751] [autoreload.py:668] [autoreload:run_with_reloader] [INFO]- Watching for file changes with StatReloader
[2023-04-08 09:42:53,978] [autoreload.py:266] [autoreload:trigger_reload] [INFO]- /root/project/wx/test/basicfunc.py changed, reloading.
[2023-04-08 09:42:54,249] [autoreload.py:668] [autoreload:run_with_reloader] [INFO]- Watching for file changes with StatReloader
[2023-04-08 09:43:02,487] [autoreload.py:266] [autoreload:trigger_reload] [INFO]- /root/project/wx/test/basicfunc.py changed, reloading.
[2023-04-08 09:43:02,769] [autoreload.py:668] [autoreload:run_with_reloader] [INFO]- Watching for file changes with StatReloader
[2023-04-08 09:43:05,982] [autoreload.py:266] [autoreload:trigger_reload] [INFO]- /root/project/wx/test/basicfunc.py changed, reloading.
[2023-04-08 09:43:06,266] [autoreload.py:668] [autoreload:run_with_reloader] [INFO]- Watching for file changes with StatReloader
[2023-04-08 09:43:43,693] [basehttp.py:212] [basehttp:log_message] [INFO]- "POST / HTTP/1.1" 200 234
[2023-04-08 09:43:49,926] [basehttp.py:212] [basehttp:log_message] [INFO]- "POST / HTTP/1.1" 200 234
[2023-04-08 09:44:23,963] [autoreload.py:266] [autoreload:trigger_reload] [INFO]- /root/project/wx/test/basicfunc.py changed, reloading.
[2023-04-08 09:44:24,243] [autoreload.py:668] [autoreload:run_with_reloader] [INFO]- Watching for file changes with StatReloader
[2023-04-08 09:44:29,466] [autoreload.py:266] [autoreload:trigger_reload] [INFO]- /root/project/wx/test/basicfunc.py changed, reloading.
[2023-04-08 09:44:29,762] [autoreload.py:668] [autoreload:run_with_reloader] [INFO]- Watching for file changes with StatReloader
[2023-04-08 09:44:30,818] [autoreload.py:266] [autoreload:trigger_reload] [INFO]- /root/project/wx/test/basicfunc.py changed, reloading.
[2023-04-08 09:44:31,087] [autoreload.py:668] [autoreload:run_with_reloader] [INFO]- Watching for file changes with StatReloader
[2023-04-08 09:44:40,339] [autoreload.py:266] [autoreload:trigger_reload] [INFO]- /root/project/wx/test/basicfunc.py changed, reloading.
[2023-04-08 09:44:40,612] [autoreload.py:668] [autoreload:run_with_reloader] [INFO]- Watching for file changes with StatReloader
[2023-04-08 09:44:47,852] [autoreload.py:266] [autoreload:trigger_reload] [INFO]- /root/project/wx/test/basicfunc.py changed, reloading.
[2023-04-08 09:44:48,137] [autoreload.py:668] [autoreload:run_with_reloader] [INFO]- Watching for file changes with StatReloader
[2023-04-08 09:44:49,358] [autoreload.py:266] [autoreload:trigger_reload] [INFO]- /root/project/wx/test/basicfunc.py changed, reloading.
[2023-04-08 09:44:49,625] [autoreload.py:668] [autoreload:run_with_reloader] [INFO]- Watching for file changes with StatReloader
[2023-04-08 09:44:51,689] [autoreload.py:266] [autoreload:trigger_reload] [INFO]- /root/project/wx/test/basicfunc.py changed, reloading.
[2023-04-08 09:44:51,961] [autoreload.py:668] [autoreload:run_with_reloader] [INFO]- Watching for file changes with StatReloader
[2023-04-08 09:45:18,220] [autoreload.py:266] [autoreload:trigger_reload] [INFO]- /root/project/wx/test/wxcloudrun/dealMsg.py changed, reloading.
[2023-04-08 09:45:18,503] [autoreload.py:668] [autoreload:run_with_reloader] [INFO]- Watching for file changes with StatReloader
[2023-04-08 09:45:23,729] [autoreload.py:266] [autoreload:trigger_reload] [INFO]- /root/project/wx/test/wxcloudrun/dealMsg.py changed, reloading.
[2023-04-08 09:45:24,001] [autoreload.py:668] [autoreload:run_with_reloader] [INFO]- Watching for file changes with StatReloader
[2023-04-08 09:45:29,674] [basehttp.py:212] [basehttp:log_message] [INFO]- "POST / HTTP/1.1" 200 234
[2023-04-08 09:46:01,263] [autoreload.py:668] [autoreload:run_with_reloader] [INFO]- Watching for file changes with StatReloader
[2023-04-08 09:46:05,095] [basehttp.py:212] [basehttp:log_message] [INFO]- "POST / HTTP/1.1" 200 234
[2023-04-08 09:46:36,536] [basehttp.py:212] [basehttp:log_message] [INFO]- "POST / HTTP/1.1" 200 234
[2023-04-08 10:46:03,392] [basehttp.py:212] [basehttp:log_message] [INFO]- "POST / HTTP/1.1" 200 234
[2023-04-08 10:46:14,739] [autoreload.py:266] [autoreload:trigger_reload] [INFO]- /root/project/wx/test/basicfunc.py changed, reloading.
[2023-04-08 10:46:15,018] [autoreload.py:668] [autoreload:run_with_reloader] [INFO]- Watching for file changes with StatReloader
[2023-04-08 10:46:17,236] [autoreload.py:266] [autoreload:trigger_reload] [INFO]- /root/project/wx/test/basicfunc.py changed, reloading.
[2023-04-08 10:46:17,513] [autoreload.py:668] [autoreload:run_with_reloader] [INFO]- Watching for file changes with StatReloader
[2023-04-08 10:46:45,867] [autoreload.py:266] [autoreload:trigger_reload] [INFO]- /root/project/wx/test/basicfunc.py changed, reloading.
[2023-04-08 10:46:46,144] [autoreload.py:668] [autoreload:run_with_reloader] [INFO]- Watching for file changes with StatReloader
[2023-04-08 10:46:53,381] [autoreload.py:266] [autoreload:trigger_reload] [INFO]- /root/project/wx/test/basicfunc.py changed, reloading.
[2023-04-08 10:46:53,673] [autoreload.py:668] [autoreload:run_with_reloader] [INFO]- Watching for file changes with StatReloader
[2023-04-08 10:46:55,893] [autoreload.py:266] [autoreload:trigger_reload] [INFO]- /root/project/wx/test/basicfunc.py changed, reloading.
[2023-04-08 10:46:56,166] [autoreload.py:668] [autoreload:run_with_reloader] [INFO]- Watching for file changes with StatReloader
[2023-04-08 10:47:00,235] [autoreload.py:266] [autoreload:trigger_reload] [INFO]- /root/project/wx/test/basicfunc.py changed, reloading.
[2023-04-08 10:47:00,506] [autoreload.py:668] [autoreload:run_with_reloader] [INFO]- Watching for file changes with StatReloader
[2023-04-08 10:47:10,767] [autoreload.py:266] [autoreload:trigger_reload] [INFO]- /root/project/wx/test/basicfunc.py changed, reloading.
[2023-04-08 10:47:11,049] [autoreload.py:668] [autoreload:run_with_reloader] [INFO]- Watching for file changes with StatReloader
[2023-04-08 10:48:38,617] [basehttp.py:212] [basehttp:log_message] [INFO]- "POST / HTTP/1.1" 200 234
[2023-04-08 10:48:45,575] [basehttp.py:212] [basehttp:log_message] [INFO]- "POST / HTTP/1.1" 200 234
[2023-04-08 10:49:22,748] [basehttp.py:212] [basehttp:log_message] [INFO]- "POST / HTTP/1.1" 200 234
[2023-04-08 10:49:37,660] [basehttp.py:212] [basehttp:log_message] [INFO]- "POST / HTTP/1.1" 200 234
[2023-04-08 10:49:54,255] [autoreload.py:266] [autoreload:trigger_reload] [INFO]- /root/project/wx/test/wxcloudrun/views.py changed, reloading.
[2023-04-08 10:49:54,553] [autoreload.py:668] [autoreload:run_with_reloader] [INFO]- Watching for file changes with StatReloader
[2023-04-08 10:49:56,698] [autoreload.py:266] [autoreload:trigger_reload] [INFO]- /root/project/wx/test/wxcloudrun/views.py changed, reloading.
[2023-04-08 10:49:56,974] [autoreload.py:668] [autoreload:run_with_reloader] [INFO]- Watching for file changes with StatReloader
[2023-04-08 10:50:01,079] [basehttp.py:212] [basehttp:log_message] [INFO]- "POST / HTTP/1.1" 200 234
[2023-04-08 10:50:06,730] [basehttp.py:212] [basehttp:log_message] [INFO]- "POST / HTTP/1.1" 200 234
[2023-04-08 10:50:09,483] [autoreload.py:668] [autoreload:run_with_reloader] [INFO]- Watching for file changes with StatReloader
[2023-04-08 10:50:16,526] [basehttp.py:212] [basehttp:log_message] [INFO]- "POST / HTTP/1.1" 200 234
[2023-04-08 10:58:11,561] [autoreload.py:266] [autoreload:trigger_reload] [INFO]- /root/project/wx/test/basicfunc.py changed, reloading.
[2023-04-08 10:58:11,849] [autoreload.py:668] [autoreload:run_with_reloader] [INFO]- Watching for file changes with StatReloader
[2023-04-08 10:58:33,167] [autoreload.py:266] [autoreload:trigger_reload] [INFO]- /root/project/wx/test/wxcloudrun/views.py changed, reloading.
[2023-04-08 10:58:33,460] [autoreload.py:668] [autoreload:run_with_reloader] [INFO]- Watching for file changes with StatReloader
[2023-04-08 10:58:59,150] [basehttp.py:212] [basehttp:log_message] [INFO]- "POST / HTTP/1.1" 200 234
[2023-04-08 10:59:10,915] [autoreload.py:266] [autoreload:trigger_reload] [INFO]- /root/project/wx/test/basicfunc.py changed, reloading.
[2023-04-08 10:59:11,192] [autoreload.py:668] [autoreload:run_with_reloader] [INFO]- Watching for file changes with StatReloader
[2023-04-08 10:59:19,438] [autoreload.py:266] [autoreload:trigger_reload] [INFO]- /root/project/wx/test/basicfunc.py changed, reloading.
[2023-04-08 10:59:19,723] [autoreload.py:668] [autoreload:run_with_reloader] [INFO]- Watching for file changes with StatReloader
[2023-04-08 10:59:42,053] [autoreload.py:266] [autoreload:trigger_reload] [INFO]- /root/project/wx/test/wxcloudrun/views.py changed, reloading.
[2023-04-08 10:59:42,343] [autoreload.py:668] [autoreload:run_with_reloader] [INFO]- Watching for file changes with StatReloader
